<?xml version="1.0" encoding="UTF-8"?>
<robot generator="Robot 5.0 (Python 3.10.12 on linux)" generated="20240503 16:23:28.277" rpa="false" schemaversion="3">
<suite id="s1" name="TestSuites" source="/home/oerokhina/repo/robot_lessons/TestSuites">
<suite id="s1-s1" name="Test Suite 1" source="/home/oerokhina/repo/robot_lessons/TestSuites/test_suite_1.robot">
<test id="s1-s1-t1" name="TEST A User Can Login" line="8">
<kw name="Given The User Is On The Home Page" library="keywords_variables">
<kw name="Open Browser To Home Page" library="keywords_variables">
<kw name="Open Browser" library="SeleniumLibrary">
<arg>${home_url}</arg>
<arg>${browser}</arg>
<doc>Opens a new browser instance to the optional ``url``.</doc>
<msg timestamp="20240503 16:23:28.449" level="INFO">Opening browser 'chrome' to base url 'https://www.w3schools.com'.</msg>
<status status="PASS" starttime="20240503 16:23:28.448" endtime="20240503 16:23:30.462"/>
</kw>
<kw name="Maximize Browser Window" library="SeleniumLibrary">
<doc>Maximizes current browser window.</doc>
<status status="PASS" starttime="20240503 16:23:30.462" endtime="20240503 16:23:30.571"/>
</kw>
<kw name="Log" library="BuiltIn">
<arg>Starting Test with ${browser}</arg>
<doc>Logs the given message with the given level.</doc>
<msg timestamp="20240503 16:23:30.571" level="INFO">Starting Test with chrome</msg>
<status status="PASS" starttime="20240503 16:23:30.571" endtime="20240503 16:23:30.571"/>
</kw>
<status status="PASS" starttime="20240503 16:23:28.448" endtime="20240503 16:23:30.572"/>
</kw>
<kw name="Handle Cookies Banner" library="keywords_variables">
<kw name="Wait Until Element Is Visible" library="SeleniumLibrary">
<arg>${cookies_id}</arg>
<doc>Waits until the element ``locator`` is visible.</doc>
<status status="PASS" starttime="20240503 16:23:30.573" endtime="20240503 16:23:30.688"/>
</kw>
<kw name="Click Element" library="SeleniumLibrary">
<arg>${cookies_id}</arg>
<doc>Click the element identified by ``locator``.</doc>
<msg timestamp="20240503 16:23:30.688" level="INFO">Clicking element '//*[@id="accept-choices"]'.</msg>
<status status="PASS" starttime="20240503 16:23:30.688" endtime="20240503 16:23:30.825"/>
</kw>
<status status="PASS" starttime="20240503 16:23:30.572" endtime="20240503 16:23:30.825"/>
</kw>
<status status="PASS" starttime="20240503 16:23:28.448" endtime="20240503 16:23:30.825"/>
</kw>
<kw name="When The User Clicks On Log In Button" library="keywords_variables">
<kw name="Click Element" library="SeleniumLibrary">
<arg>${login_link}</arg>
<doc>Click the element identified by ``locator``.</doc>
<msg timestamp="20240503 16:23:30.827" level="INFO">Clicking element '//div[@class="tnb-right-section"]/*[@aria-label="Login to your account"]'.</msg>
<status status="PASS" starttime="20240503 16:23:30.827" endtime="20240503 16:24:28.374"/>
</kw>
<status status="PASS" starttime="20240503 16:23:30.826" endtime="20240503 16:24:28.375"/>
</kw>
<kw name="When The User Put In Valid Credientials" library="keywords_variables">
<kw name="The User Put In Valid Email" library="keywords_variables">
<kw name="Input Text" library="SeleniumLibrary">
<arg>${email_locator}</arg>
<arg>${email}</arg>
<doc>Types the given ``text`` into the text field identified by ``locator``.</doc>
<msg timestamp="20240503 16:24:28.378" level="INFO">Typing text 'oliaero@gmail.com' into text field '//*[@placeholder="email"]'.</msg>
<msg timestamp="20240503 16:24:29.056" level="WARN">Keyword 'Capture Page Screenshot' could not be run on failure: Message: disconnected: not connected to DevTools
  (failed to check if window was closed: disconnected: not connected to DevTools)
  (Session info: chrome=123.0.6312.105)
Stacktrace:
#0 0x58b563b24863 &lt;unknown&gt;
#1 0x58b56381a8c6 &lt;unknown&gt;
#2 0x58b563801090 &lt;unknown&gt;
#3 0x58b563800f73 &lt;unknown&gt;
#4 0x58b56381cc42 &lt;unknown&gt;
#5 0x58b5638a55cc &lt;unknown&gt;
#6 0x58b563887343 &lt;unknown&gt;
#7 0x58b563858593 &lt;unknown&gt;
#8 0x58b563858f5e &lt;unknown&gt;
#9 0x58b563ae884b &lt;unknown&gt;
#10 0x58b563aec7a5 &lt;unknown&gt;
#11 0x58b563ad6571 &lt;unknown&gt;
#12 0x58b563aed332 &lt;unknown&gt;
#13 0x58b563abb87f &lt;unknown&gt;
#14 0x58b563b13728 &lt;unknown&gt;
#15 0x58b563b138fb &lt;unknown&gt;
#16 0x58b563b239b4 &lt;unknown&gt;
#17 0x749367694ac3 &lt;unknown&gt;
</msg>
<msg timestamp="20240503 16:24:29.058" level="FAIL">WebDriverException: Message: disconnected: not connected to DevTools
  (failed to check if window was closed: disconnected: not connected to DevTools)
  (Session info: chrome=123.0.6312.105)
Stacktrace:
#0 0x58b563b24863 &lt;unknown&gt;
#1 0x58b56381a8c6 &lt;unknown&gt;
#2 0x58b563801090 &lt;unknown&gt;
#3 0x58b563800f73 &lt;unknown&gt;
#4 0x58b56381cc42 &lt;unknown&gt;
#5 0x58b5638a55cc &lt;unknown&gt;
#6 0x58b563887343 &lt;unknown&gt;
#7 0x58b563858593 &lt;unknown&gt;
#8 0x58b563858f5e &lt;unknown&gt;
#9 0x58b563ae884b &lt;unknown&gt;
#10 0x58b563aec7a5 &lt;unknown&gt;
#11 0x58b563ad6571 &lt;unknown&gt;
#12 0x58b563aed332 &lt;unknown&gt;
#13 0x58b563abb87f &lt;unknown&gt;
#14 0x58b563b13728 &lt;unknown&gt;
#15 0x58b563b138fb &lt;unknown&gt;
#16 0x58b563b239b4 &lt;unknown&gt;
#17 0x749367694ac3 &lt;unknown&gt;
</msg>
<status status="FAIL" starttime="20240503 16:24:28.377" endtime="20240503 16:24:29.061"/>
</kw>
<status status="FAIL" starttime="20240503 16:24:28.376" endtime="20240503 16:24:29.063"/>
</kw>
<kw name="The User Put In Valid Password" library="keywords_variables">
<status status="NOT RUN" starttime="20240503 16:24:29.064" endtime="20240503 16:24:29.064"/>
</kw>
<status status="FAIL" starttime="20240503 16:24:28.375" endtime="20240503 16:24:29.065"/>
</kw>
<kw name="And Submit Credentials" library="keywords_variables">
<status status="NOT RUN" starttime="20240503 16:24:29.066" endtime="20240503 16:24:29.066"/>
</kw>
<kw name="Then The User Is Redirected To The Home Page" library="keywords_variables">
<status status="NOT RUN" starttime="20240503 16:24:29.066" endtime="20240503 16:24:29.066"/>
</kw>
<status status="FAIL" starttime="20240503 16:23:28.447" endtime="20240503 16:24:29.067">WebDriverException: Message: disconnected: not connected to DevTools
  (failed to check if window was closed: disconnected: not connected to DevTools)
  (Session info: chrome=123.0.6312.105)
Stacktrace:
#0 0x58b563b24863 &lt;unknown&gt;
#1 0x58b56381a8c6 &lt;unknown&gt;
#2 0x58b563801090 &lt;unknown&gt;
#3 0x58b563800f73 &lt;unknown&gt;
#4 0x58b56381cc42 &lt;unknown&gt;
#5 0x58b5638a55cc &lt;unknown&gt;
#6 0x58b563887343 &lt;unknown&gt;
#7 0x58b563858593 &lt;unknown&gt;
#8 0x58b563858f5e &lt;unknown&gt;
#9 0x58b563ae884b &lt;unknown&gt;
#10 0x58b563aec7a5 &lt;unknown&gt;
#11 0x58b563ad6571 &lt;unknown&gt;
#12 0x58b563aed332 &lt;unknown&gt;
#13 0x58b563abb87f &lt;unknown&gt;
#14 0x58b563b13728 &lt;unknown&gt;
#15 0x58b563b138fb &lt;unknown&gt;
#16 0x58b563b239b4 &lt;unknown&gt;
#17 0x749367694ac3 &lt;unknown&gt;
</status>
</test>
<doc>This is my first Test Suite</doc>
<status status="FAIL" starttime="20240503 16:23:28.303" endtime="20240503 16:24:29.069"/>
</suite>
<status status="FAIL" starttime="20240503 16:23:28.279" endtime="20240503 16:24:29.072"/>
</suite>
<statistics>
<total>
<stat pass="0" fail="1" skip="0">All Tests</stat>
</total>
<tag>
</tag>
<suite>
<stat pass="0" fail="1" skip="0" id="s1" name="TestSuites">TestSuites</stat>
<stat pass="0" fail="1" skip="0" id="s1-s1" name="Test Suite 1">TestSuites.Test Suite 1</stat>
</suite>
</statistics>
<errors>
<msg timestamp="20240503 16:24:29.056" level="WARN">Keyword 'Capture Page Screenshot' could not be run on failure: Message: disconnected: not connected to DevTools
  (failed to check if window was closed: disconnected: not connected to DevTools)
  (Session info: chrome=123.0.6312.105)
Stacktrace:
#0 0x58b563b24863 &lt;unknown&gt;
#1 0x58b56381a8c6 &lt;unknown&gt;
#2 0x58b563801090 &lt;unknown&gt;
#3 0x58b563800f73 &lt;unknown&gt;
#4 0x58b56381cc42 &lt;unknown&gt;
#5 0x58b5638a55cc &lt;unknown&gt;
#6 0x58b563887343 &lt;unknown&gt;
#7 0x58b563858593 &lt;unknown&gt;
#8 0x58b563858f5e &lt;unknown&gt;
#9 0x58b563ae884b &lt;unknown&gt;
#10 0x58b563aec7a5 &lt;unknown&gt;
#11 0x58b563ad6571 &lt;unknown&gt;
#12 0x58b563aed332 &lt;unknown&gt;
#13 0x58b563abb87f &lt;unknown&gt;
#14 0x58b563b13728 &lt;unknown&gt;
#15 0x58b563b138fb &lt;unknown&gt;
#16 0x58b563b239b4 &lt;unknown&gt;
#17 0x749367694ac3 &lt;unknown&gt;
</msg>
</errors>
</robot>
